<?xml version="1.0" encoding="UTF-8"?>
<testsuite name="com.bank.accountservice.controller.AccountControllerTest" tests="5" skipped="0" failures="0" errors="0" timestamp="2025-05-04T17:03:13" hostname="MSI" time="0.317">
  <properties/>
  <testcase name="testCreateAccount()" classname="com.bank.accountservice.controller.AccountControllerTest" time="0.278"/>
  <testcase name="testGetAccountById()" classname="com.bank.accountservice.controller.AccountControllerTest" time="0.008"/>
  <testcase name="testWithdraw()" classname="com.bank.accountservice.controller.AccountControllerTest" time="0.008"/>
  <testcase name="testDeposit()" classname="com.bank.accountservice.controller.AccountControllerTest" time="0.005"/>
  <testcase name="testGetAccountsByCustomer()" classname="com.bank.accountservice.controller.AccountControllerTest" time="0.011"/>
  <system-out><![CDATA[00:03:11.043 [Test worker] INFO org.springframework.test.context.support.AnnotationConfigContextLoaderUtils -- Could not detect default configuration classes for test class [com.bank.accountservice.controller.AccountControllerTest]: AccountControllerTest does not declare any static, non-private, non-final, nested classes annotated with @Configuration.
00:03:11.163 [Test worker] INFO org.springframework.boot.test.context.SpringBootTestContextBootstrapper -- Found @SpringBootConfiguration com.bank.accountservice.AccountServiceApplication for test class com.bank.accountservice.controller.AccountControllerTest

  .   ____          _            __ _ _
 /\\ / ___'_ __ _ _(_)_ __  __ _ \ \ \ \
( ( )\___ | '_ | '_| | '_ \/ _` | \ \ \ \
 \\/  ___)| |_)| | | | | || (_| |  ) ) ) )
  '  |____| .__|_| |_|_| |_\__, | / / / /
 =========|_|==============|___/=/_/_/_/
 :: Spring Boot ::                (v3.2.0)

2025-05-05T00:03:11.537+07:00  INFO 25516 --- [    Test worker] c.b.a.controller.AccountControllerTest   : Starting AccountControllerTest using Java 17.0.10 with PID 25516 (started by AlpacaVietNam in D:\bank project\account-service)
2025-05-05T00:03:11.538+07:00  INFO 25516 --- [    Test worker] c.b.a.controller.AccountControllerTest   : No active profile set, falling back to 1 default profile: "default"
2025-05-05T00:03:13.598+07:00  INFO 25516 --- [    Test worker] o.s.b.t.m.w.SpringBootMockServletContext : Initializing Spring TestDispatcherServlet ''
2025-05-05T00:03:13.598+07:00  INFO 25516 --- [    Test worker] o.s.t.web.servlet.TestDispatcherServlet  : Initializing Servlet ''
2025-05-05T00:03:13.604+07:00  INFO 25516 --- [    Test worker] o.s.t.web.servlet.TestDispatcherServlet  : Completed initialization in 1 ms
2025-05-05T00:03:13.666+07:00  INFO 25516 --- [    Test worker] c.b.a.controller.AccountControllerTest   : Started AccountControllerTest in 2.43 seconds (process running for 3.379)
]]></system-out>
  <system-err><![CDATA[]]></system-err>
</testsuite>
